Build from /Users/nolson/hap.py-update-take2/hap.py, type is Release / installation directory: /var/folders/nn/7vxcyd6j6h75rp1zxxg71q78001_l1/T/tmp.SK5HmcjgDc/build_py3
Using system Boost
-- The CXX compiler identification is AppleClang 17.0.0.17000013
-- The C compiler identification is AppleClang 17.0.0.17000013
-- Detecting CXX compiler ABI info
-- Detecting CXX compiler ABI info - done
-- Check for working CXX compiler: /usr/bin/g++ - skipped
-- Detecting CXX compile features
-- Detecting CXX compile features - done
-- Detecting C compiler ABI info
-- Detecting C compiler ABI info - done
-- Check for working C compiler: /usr/bin/gcc - skipped
-- Detecting C compile features
-- Detecting C compile features - done
-- using compiler: AppleClang
-- Could NOT find Python3 (missing: Python3_NumPy_INCLUDE_DIRS NumPy) (found version "3.12.10")
-- NumPy not found via find_package(Python3 ... NumPy). Trying manual detection.
-- Found PythonInterp: /var/folders/nn/7vxcyd6j6h75rp1zxxg71q78001_l1/T/tmp.SK5HmcjgDc/venv_py3/bin/python3 (found suitable version "3.9.13", minimum required is "3")
-- Trying NumPy detection with Python interpreter: /var/folders/nn/7vxcyd6j6h75rp1zxxg71q78001_l1/T/tmp.SK5HmcjgDc/venv_py3/bin/python3
-- Found NumPy include directory via PYTHON_EXECUTABLE: /var/folders/nn/7vxcyd6j6h75rp1zxxg71q78001_l1/T/tmp.SK5HmcjgDc/venv_py3/lib/python3.9/site-packages/numpy/_core/include
-- Found Cython executable: /var/folders/nn/7vxcyd6j6h75rp1zxxg71q78001_l1/T/tmp.SK5HmcjgDc/venv_py3/bin/cython
-- NumPy include directory: /var/folders/nn/7vxcyd6j6h75rp1zxxg71q78001_l1/T/tmp.SK5HmcjgDc/venv_py3/lib/python3.9/site-packages/numpy/_core/include
-- Configuring incomplete, errors occurred!
